
 Performance counter stats for '/usr/local/benchmarks/hmmer_O3 /usr/local/benchmarks/inputs/nph3.hmm /usr/local/benchmarks/inputs/swiss41':

         197777584      instructions:k                                                (26.30%)
           1891814      cache-misses              #    0.087 % of all cache refs      (26.30%)
        2171754603      cache-references                                              (26.31%)
        5665734302      L1-dcache-load-misses     #    1.56% of all L1-dcache hits    (26.31%)
      362105584731      L1-dcache-loads                                               (26.32%)
      136687998707      L1-dcache-stores                                              (21.06%)
          28845780      L1-icache-load-misses                                         (21.06%)
            501339      LLC-load-misses           #    2.53% of all LL-cache hits     (21.06%)
          19794932      LLC-loads                                                     (21.06%)
             43920      LLC-store-misses                                              (10.53%)
          29060197      LLC-stores                                                    (10.53%)
         174905667      branch-load-misses                                            (15.79%)
       32801746768      branch-loads                                                  (21.06%)
            331686      dTLB-load-misses          #    0.00% of all dTLB cache hits   (21.06%)
      362299859554      dTLB-loads                                                    (21.06%)
            894089      dTLB-store-misses                                             (21.05%)
      136744184902      dTLB-stores                                                   (21.05%)
            317269      iTLB-load-misses          #  538.20% of all iTLB cache hits   (21.04%)
             58950      iTLB-loads                                                    (21.04%)

      79.786239342 seconds time elapsed

