
 Performance counter stats for '/usr/local/benchmarks/libquantum_O3 400 25':

          39370776      instructions:k                                                (26.30%)
           1472615      cache-misses              #    0.049 % of all cache refs      (26.30%)
        3024892443      cache-references                                              (26.30%)
        3009520359      L1-dcache-load-misses     #   24.03% of all L1-dcache hits    (26.30%)
       12524431659      L1-dcache-loads                                               (26.30%)
        4783073586      L1-dcache-stores                                              (21.06%)
           1008548      L1-icache-load-misses                                         (21.06%)
              7803      LLC-load-misses           #    0.01% of all LL-cache hits     (21.06%)
         127172172      LLC-loads                                                     (21.06%)
             65037      LLC-store-misses                                              (10.53%)
            715687      LLC-stores                                                    (10.53%)
          38289611      branch-load-misses                                            (15.79%)
       23916386505      branch-loads                                                  (21.06%)
             12353      dTLB-load-misses          #    0.00% of all dTLB cache hits   (21.06%)
       12504432994      dTLB-loads                                                    (21.06%)
             57481      dTLB-store-misses                                             (21.06%)
        4816364972      dTLB-stores                                                   (21.06%)
             17078      iTLB-load-misses          #  490.61% of all iTLB cache hits   (21.06%)
              3481      iTLB-loads                                                    (21.06%)

      10.638831473 seconds time elapsed

