000 (5138.000.000) 10/20 21:11:56 Job submitted from host: <172.31.60.18:9618?addrs=172.31.60.18-9618&noUDP&sock=868_f44b_4>
...
001 (5138.000.000) 10/20 21:27:59 Job executing on host: <172.31.20.29:9618?addrs=172.31.20.29-9618&noUDP&sock=828_8481_3>
...
006 (5138.000.000) 10/20 21:28:08 Image size of job updated: 11384
	12  -  MemoryUsage of job (MB)
	11384  -  ResidentSetSize of job (KB)
...
006 (5138.000.000) 10/20 21:29:37 Image size of job updated: 14356
	12  -  MemoryUsage of job (MB)
	11384  -  ResidentSetSize of job (KB)
...
005 (5138.000.000) 10/20 21:29:37 Job terminated.
	(1) Normal termination (return value 0)
		Usr 0 00:01:37, Sys 0 00:00:00  -  Run Remote Usage
		Usr 0 00:00:00, Sys 0 00:00:00  -  Run Local Usage
		Usr 0 00:01:37, Sys 0 00:00:00  -  Total Remote Usage
		Usr 0 00:00:00, Sys 0 00:00:00  -  Total Local Usage
	809  -  Run Bytes Sent By Job
	2456398  -  Run Bytes Received By Job
	809  -  Total Bytes Sent By Job
	2456398  -  Total Bytes Received By Job
	Partitionable Resources :    Usage  Request Allocated 
	   Cpus                 :     1.00        1         1 
	   Disk (KB)            :  2415        2500      7508 
	   Memory (MB)          :    12           1       128 
...
