000 (5155.000.000) 10/20 21:11:56 Job submitted from host: <172.31.60.18:9618?addrs=172.31.60.18-9618&noUDP&sock=868_f44b_4>
...
001 (5155.000.000) 10/20 21:31:16 Job executing on host: <172.31.20.29:9618?addrs=172.31.20.29-9618&noUDP&sock=828_8481_3>
...
006 (5155.000.000) 10/20 21:31:25 Image size of job updated: 11392
	12  -  MemoryUsage of job (MB)
	11392  -  ResidentSetSize of job (KB)
...
006 (5155.000.000) 10/20 21:32:55 Image size of job updated: 361396
	12  -  MemoryUsage of job (MB)
	11392  -  ResidentSetSize of job (KB)
...
005 (5155.000.000) 10/20 21:32:55 Job terminated.
	(1) Normal termination (return value 0)
		Usr 0 00:01:38, Sys 0 00:00:00  -  Run Remote Usage
		Usr 0 00:00:00, Sys 0 00:00:00  -  Run Local Usage
		Usr 0 00:01:38, Sys 0 00:00:00  -  Total Remote Usage
		Usr 0 00:00:00, Sys 0 00:00:00  -  Total Local Usage
	1329  -  Run Bytes Sent By Job
	2456918  -  Run Bytes Received By Job
	1329  -  Total Bytes Sent By Job
	2456918  -  Total Bytes Received By Job
	Partitionable Resources :    Usage  Request Allocated 
	   Cpus                 :     1.00        1         1 
	   Disk (KB)            :  2415        2500      7508 
	   Memory (MB)          :    12           1       128 
...
