000 (5135.000.000) 10/20 21:11:55 Job submitted from host: <172.31.60.18:9618?addrs=172.31.60.18-9618&noUDP&sock=868_f44b_4>
...
001 (5135.000.000) 10/20 21:26:59 Job executing on host: <172.31.20.29:9618?addrs=172.31.20.29-9618&noUDP&sock=828_8481_3>
...
006 (5135.000.000) 10/20 21:27:08 Image size of job updated: 12724
	13  -  MemoryUsage of job (MB)
	12724  -  ResidentSetSize of job (KB)
...
006 (5135.000.000) 10/20 21:28:17 Image size of job updated: 361396
	13  -  MemoryUsage of job (MB)
	12724  -  ResidentSetSize of job (KB)
...
005 (5135.000.000) 10/20 21:28:17 Job terminated.
	(1) Normal termination (return value 0)
		Usr 0 00:01:17, Sys 0 00:00:00  -  Run Remote Usage
		Usr 0 00:00:00, Sys 0 00:00:00  -  Run Local Usage
		Usr 0 00:01:17, Sys 0 00:00:00  -  Total Remote Usage
		Usr 0 00:00:00, Sys 0 00:00:00  -  Total Local Usage
	701  -  Run Bytes Sent By Job
	2456308  -  Run Bytes Received By Job
	701  -  Total Bytes Sent By Job
	2456308  -  Total Bytes Received By Job
	Partitionable Resources :    Usage  Request Allocated 
	   Cpus                 :     1.00        1         1 
	   Disk (KB)            :  2415        2500      7508 
	   Memory (MB)          :    13           1       128 
...
