000 (5188.000.000) 10/20 21:11:58 Job submitted from host: <172.31.60.18:9618?addrs=172.31.60.18-9618&noUDP&sock=868_f44b_4>
...
001 (5188.000.000) 10/20 21:40:50 Job executing on host: <172.31.20.29:9618?addrs=172.31.20.29-9618&noUDP&sock=828_8481_3>
...
006 (5188.000.000) 10/20 21:40:59 Image size of job updated: 11944
	12  -  MemoryUsage of job (MB)
	11944  -  ResidentSetSize of job (KB)
...
006 (5188.000.000) 10/20 21:42:13 Image size of job updated: 14352
	12  -  MemoryUsage of job (MB)
	11956  -  ResidentSetSize of job (KB)
...
005 (5188.000.000) 10/20 21:42:13 Job terminated.
	(1) Normal termination (return value 0)
		Usr 0 00:01:22, Sys 0 00:00:00  -  Run Remote Usage
		Usr 0 00:00:00, Sys 0 00:00:00  -  Run Local Usage
		Usr 0 00:01:22, Sys 0 00:00:00  -  Total Remote Usage
		Usr 0 00:00:00, Sys 0 00:00:00  -  Total Local Usage
	2360  -  Run Bytes Sent By Job
	2457940  -  Run Bytes Received By Job
	2360  -  Total Bytes Sent By Job
	2457940  -  Total Bytes Received By Job
	Partitionable Resources :    Usage  Request Allocated 
	   Cpus                 :     0.99        1         1 
	   Disk (KB)            :  2416        2500      7508 
	   Memory (MB)          :    12           1       128 
...
