000 (5120.000.000) 10/20 21:11:55 Job submitted from host: <172.31.60.18:9618?addrs=172.31.60.18-9618&noUDP&sock=868_f44b_4>
...
001 (5120.000.000) 10/20 21:24:46 Job executing on host: <172.31.20.29:9618?addrs=172.31.20.29-9618&noUDP&sock=828_8481_3>
...
006 (5120.000.000) 10/20 21:24:54 Image size of job updated: 12132
	12  -  MemoryUsage of job (MB)
	12132  -  ResidentSetSize of job (KB)
...
006 (5120.000.000) 10/20 21:25:55 Image size of job updated: 361396
	12  -  MemoryUsage of job (MB)
	12144  -  ResidentSetSize of job (KB)
...
005 (5120.000.000) 10/20 21:25:55 Job terminated.
	(1) Normal termination (return value 0)
		Usr 0 00:01:09, Sys 0 00:00:00  -  Run Remote Usage
		Usr 0 00:00:00, Sys 0 00:00:00  -  Run Local Usage
		Usr 0 00:01:09, Sys 0 00:00:00  -  Total Remote Usage
		Usr 0 00:00:00, Sys 0 00:00:00  -  Total Local Usage
	270  -  Run Bytes Sent By Job
	2455876  -  Run Bytes Received By Job
	270  -  Total Bytes Sent By Job
	2455876  -  Total Bytes Received By Job
	Partitionable Resources :    Usage  Request Allocated 
	   Cpus                 :     1.00        1         1 
	   Disk (KB)            :  2414        2500      7508 
	   Memory (MB)          :    12           1       128 
...
