000 (5158.000.000) 10/20 21:11:57 Job submitted from host: <172.31.60.18:9618?addrs=172.31.60.18-9618&noUDP&sock=868_f44b_4>
...
001 (5158.000.000) 10/20 21:31:34 Job executing on host: <172.31.20.29:9618?addrs=172.31.20.29-9618&noUDP&sock=828_8481_3>
...
006 (5158.000.000) 10/20 21:31:42 Image size of job updated: 11420
	12  -  MemoryUsage of job (MB)
	11420  -  ResidentSetSize of job (KB)
...
006 (5158.000.000) 10/20 21:33:12 Image size of job updated: 14440
	12  -  MemoryUsage of job (MB)
	11932  -  ResidentSetSize of job (KB)
...
005 (5158.000.000) 10/20 21:33:12 Job terminated.
	(1) Normal termination (return value 0)
		Usr 0 00:01:37, Sys 0 00:00:00  -  Run Remote Usage
		Usr 0 00:00:00, Sys 0 00:00:00  -  Run Local Usage
		Usr 0 00:01:37, Sys 0 00:00:00  -  Total Remote Usage
		Usr 0 00:00:00, Sys 0 00:00:00  -  Total Local Usage
	1422  -  Run Bytes Sent By Job
	2457011  -  Run Bytes Received By Job
	1422  -  Total Bytes Sent By Job
	2457011  -  Total Bytes Received By Job
	Partitionable Resources :    Usage  Request Allocated 
	   Cpus                 :     0.99        1         1 
	   Disk (KB)            :  2415        2500      7508 
	   Memory (MB)          :    12           1       128 
...
