000 (5127.000.000) 10/20 21:11:55 Job submitted from host: <172.31.60.18:9618?addrs=172.31.60.18-9618&noUDP&sock=868_f44b_4>
...
001 (5127.000.000) 10/20 21:25:51 Job executing on host: <172.31.20.29:9618?addrs=172.31.20.29-9618&noUDP&sock=828_8481_3>
...
006 (5127.000.000) 10/20 21:25:59 Image size of job updated: 12144
	12  -  MemoryUsage of job (MB)
	12144  -  ResidentSetSize of job (KB)
...
006 (5127.000.000) 10/20 21:26:59 Image size of job updated: 361396
	12  -  MemoryUsage of job (MB)
	12144  -  ResidentSetSize of job (KB)
...
005 (5127.000.000) 10/20 21:26:59 Job terminated.
	(1) Normal termination (return value 0)
		Usr 0 00:01:08, Sys 0 00:00:00  -  Run Remote Usage
		Usr 0 00:00:00, Sys 0 00:00:00  -  Run Local Usage
		Usr 0 00:01:08, Sys 0 00:00:00  -  Total Remote Usage
		Usr 0 00:00:00, Sys 0 00:00:00  -  Total Local Usage
	455  -  Run Bytes Sent By Job
	2456062  -  Run Bytes Received By Job
	455  -  Total Bytes Sent By Job
	2456062  -  Total Bytes Received By Job
	Partitionable Resources :    Usage  Request Allocated 
	   Cpus                 :     1.00        1         1 
	   Disk (KB)            :  2414        2500      7508 
	   Memory (MB)          :    12           1       128 
...
