000 (5193.000.000) 10/20 21:11:58 Job submitted from host: <172.31.60.18:9618?addrs=172.31.60.18-9618&noUDP&sock=868_f44b_4>
...
001 (5193.000.000) 10/20 21:41:10 Job executing on host: <172.31.20.29:9618?addrs=172.31.20.29-9618&noUDP&sock=828_8481_3>
...
006 (5193.000.000) 10/20 21:41:19 Image size of job updated: 11936
	12  -  MemoryUsage of job (MB)
	11936  -  ResidentSetSize of job (KB)
...
006 (5193.000.000) 10/20 21:42:32 Image size of job updated: 361396
	12  -  MemoryUsage of job (MB)
	11936  -  ResidentSetSize of job (KB)
...
005 (5193.000.000) 10/20 21:42:32 Job terminated.
	(1) Normal termination (return value 0)
		Usr 0 00:01:21, Sys 0 00:00:00  -  Run Remote Usage
		Usr 0 00:00:00, Sys 0 00:00:00  -  Run Local Usage
		Usr 0 00:01:21, Sys 0 00:00:00  -  Total Remote Usage
		Usr 0 00:00:00, Sys 0 00:00:00  -  Total Local Usage
	2545  -  Run Bytes Sent By Job
	2458125  -  Run Bytes Received By Job
	2545  -  Total Bytes Sent By Job
	2458125  -  Total Bytes Received By Job
	Partitionable Resources :    Usage  Request Allocated 
	   Cpus                 :     1.00        1         1 
	   Disk (KB)            :  2416        2500      7508 
	   Memory (MB)          :    12           1       128 
...
