000 (5213.000.000) 10/20 21:11:59 Job submitted from host: <172.31.60.18:9618?addrs=172.31.60.18-9618&noUDP&sock=868_f44b_4>
...
001 (5213.000.000) 10/20 21:45:00 Job executing on host: <172.31.20.29:9618?addrs=172.31.20.29-9618&noUDP&sock=828_8481_3>
...
006 (5213.000.000) 10/20 21:45:09 Image size of job updated: 11576
	12  -  MemoryUsage of job (MB)
	11576  -  ResidentSetSize of job (KB)
...
006 (5213.000.000) 10/20 21:46:25 Image size of job updated: 361396
	12  -  MemoryUsage of job (MB)
	11588  -  ResidentSetSize of job (KB)
...
005 (5213.000.000) 10/20 21:46:25 Job terminated.
	(1) Normal termination (return value 0)
		Usr 0 00:01:23, Sys 0 00:00:00  -  Run Remote Usage
		Usr 0 00:00:00, Sys 0 00:00:00  -  Run Local Usage
		Usr 0 00:01:23, Sys 0 00:00:00  -  Total Remote Usage
		Usr 0 00:00:00, Sys 0 00:00:00  -  Total Local Usage
	3116  -  Run Bytes Sent By Job
	2458696  -  Run Bytes Received By Job
	3116  -  Total Bytes Sent By Job
	2458696  -  Total Bytes Received By Job
	Partitionable Resources :    Usage  Request Allocated 
	   Cpus                 :     1.00        1         1 
	   Disk (KB)            :  2417        2500      7508 
	   Memory (MB)          :    12           1       128 
...
