000 (874.000.000) 10/08 11:41:08 Job submitted from host: <172.31.60.18:9618?addrs=172.31.60.18-9618&noUDP&sock=9699_4926_4>
...
001 (874.000.000) 10/08 11:41:09 Job executing on host: <172.31.57.97:9618?addrs=172.31.57.97-9618&noUDP&sock=74563_9837_3>
...
006 (874.000.000) 10/08 11:41:17 Image size of job updated: 5424
	6  -  MemoryUsage of job (MB)
	5420  -  ResidentSetSize of job (KB)
...
006 (874.000.000) 10/08 11:42:22 Image size of job updated: 5424
	6  -  MemoryUsage of job (MB)
	5472  -  ResidentSetSize of job (KB)
...
005 (874.000.000) 10/08 11:42:23 Job terminated.
	(1) Normal termination (return value 0)
		Usr 0 00:00:59, Sys 0 00:00:15  -  Run Remote Usage
		Usr 0 00:00:00, Sys 0 00:00:00  -  Run Local Usage
		Usr 0 00:00:59, Sys 0 00:00:15  -  Total Remote Usage
		Usr 0 00:00:00, Sys 0 00:00:00  -  Total Local Usage
	35750  -  Run Bytes Sent By Job
	2435353  -  Run Bytes Received By Job
	35750  -  Total Bytes Sent By Job
	2435353  -  Total Bytes Received By Job
	Partitionable Resources :    Usage  Request Allocated 
	   Cpus                 :        0        1         1 
	   Disk (KB)            :     2428     2500      8489 
	   Memory (MB)          :        6        1       128 
...
