Reason: fini
Count Seen: 146945
Count Taken: 76761
Count Correct: 94117
Count Replaced: 44278
Reason: fini
Count Seen: 147913
Count Taken: 77308
Count Correct: 100932
Count Replaced: 36371
Reason: fini
Count Seen: 147892
Count Taken: 77316
Count Correct: 107110
Count Replaced: 27885
Reason: fini
Count Seen: 147940
Count Taken: 77459
Count Correct: 116577
Count Replaced: 18283
Reason: fini
Count Seen: 147913
Count Taken: 77308
Count Correct: 120713
Count Replaced: 12214
Reason: fini
Count Seen: 147940
Count Taken: 77459
Count Correct: 125739
Count Replaced: 8545
Reason: fini
Count Seen: 147913
Count Taken: 77308
Count Correct: 129207
Count Replaced: 5626
Reason: fini
Count Seen: 147913
Count Taken: 77308
Count Correct: 132304
Count Replaced: 2527
Reason: fini
Count Seen: 147892
Count Taken: 77316
Count Correct: 133086
Count Replaced: 1222
Reason: fini
Count Seen: 147881
Count Taken: 77278
Count Correct: 133773
Count Replaced: 639
Reason: fini
Count Seen: 147940
Count Taken: 77459
Count Correct: 133955
Count Replaced: 323
Reason: fini
Count Seen: 147892
Count Taken: 77316
Count Correct: 134251
Count Replaced: 136
Reason: fini
Count Seen: 147913
Count Taken: 77308
Count Correct: 134316
Count Replaced: 63
