000 (5384.000.000) 10/21 01:21:47 Job submitted from host: <172.31.60.18:9618?addrs=172.31.60.18-9618&noUDP&sock=868_f44b_4>
...
001 (5384.000.000) 10/21 01:23:23 Job executing on host: <172.31.20.29:9618?addrs=172.31.20.29-9618&noUDP&sock=828_8481_3>
...
006 (5384.000.000) 10/21 01:23:32 Image size of job updated: 11428
	12  -  MemoryUsage of job (MB)
	11428  -  ResidentSetSize of job (KB)
...
006 (5384.000.000) 10/21 01:24:43 Image size of job updated: 361436
	12  -  MemoryUsage of job (MB)
	11428  -  ResidentSetSize of job (KB)
...
005 (5384.000.000) 10/21 01:24:43 Job terminated.
	(1) Normal termination (return value 0)
		Usr 0 00:01:18, Sys 0 00:00:00  -  Run Remote Usage
		Usr 0 00:00:00, Sys 0 00:00:00  -  Run Local Usage
		Usr 0 00:01:18, Sys 0 00:00:00  -  Total Remote Usage
		Usr 0 00:00:00, Sys 0 00:00:00  -  Total Local Usage
	471  -  Run Bytes Sent By Job
	2456060  -  Run Bytes Received By Job
	471  -  Total Bytes Sent By Job
	2456060  -  Total Bytes Received By Job
	Partitionable Resources :    Usage  Request Allocated 
	   Cpus                 :     1.00        1         1 
	   Disk (KB)            :  2414        2500      7508 
	   Memory (MB)          :    12           1       128 
...
