000 (5371.000.000) 10/21 01:21:47 Job submitted from host: <172.31.60.18:9618?addrs=172.31.60.18-9618&noUDP&sock=868_f44b_4>
...
001 (5371.000.000) 10/21 01:21:49 Job executing on host: <172.31.20.29:9618?addrs=172.31.20.29-9618&noUDP&sock=828_8481_3>
...
006 (5371.000.000) 10/21 01:21:57 Image size of job updated: 12760
	13  -  MemoryUsage of job (MB)
	12760  -  ResidentSetSize of job (KB)
...
006 (5371.000.000) 10/21 01:22:55 Image size of job updated: 361436
	13  -  MemoryUsage of job (MB)
	12760  -  ResidentSetSize of job (KB)
...
005 (5371.000.000) 10/21 01:22:55 Job terminated.
	(1) Normal termination (return value 0)
		Usr 0 00:01:05, Sys 0 00:00:00  -  Run Remote Usage
		Usr 0 00:00:00, Sys 0 00:00:00  -  Run Local Usage
		Usr 0 00:01:05, Sys 0 00:00:00  -  Total Remote Usage
		Usr 0 00:00:00, Sys 0 00:00:00  -  Total Local Usage
	261  -  Run Bytes Sent By Job
	2455876  -  Run Bytes Received By Job
	261  -  Total Bytes Sent By Job
	2455876  -  Total Bytes Received By Job
	Partitionable Resources :    Usage  Request Allocated 
	   Cpus                 :     1.00        1         1 
	   Disk (KB)            :  2414        2500      7508 
	   Memory (MB)          :    13           1       128 
...
