dtrace: script 'dtrace-scripts/profile.d' matched 1 probe
dtrace: buffer size lowered to 2m
dtrace: aggregation size lowered to 2m



                1

              kernel`vm_radix_insert+0x64
              kernel`vm_fault+0x60
              kernel`trap_pfault+0x163
              kernel`trap+0x29e
              kernel`0xffffffff8104f1d5
              kernel`uiomove_faultflag+0xf2
              kernel`m_uiotombuf+0xfc
              kernel`sosend_generic+0x47a
              kernel`sosend+0x50
              kernel`soo_write+0x49
              kernel`dofilewrite+0xb2
              kernel`sys_write+0xc3
              kernel`amd64_syscall+0x369
              kernel`0xffffffff8104fabd
                1

              kernel`spinlock_exit+0x3a
              kernel`netisr_queue+0x5b
              kernel`if_simloop+0xfb
              kernel`ip_output+0x1426
              kernel`tcp_output+0x1b0c
              kernel`tcp_usr_send+0x443
              kernel`sosend_generic+0x586
              kernel`sosend+0x50
              kernel`soo_write+0x49
              kernel`dofilewrite+0xb2
              kernel`sys_write+0xc3
              kernel`amd64_syscall+0x369
              kernel`0xffffffff8104fabd
                1

              kernel`spinlock_exit+0x3a
              kernel`sosend_generic+0x308
              kernel`sosend+0x50
              kernel`soo_write+0x49
              kernel`dofilewrite+0xb2
              kernel`sys_write+0xc3
              kernel`amd64_syscall+0x369
              kernel`0xffffffff8104fabd
                1

              kernel`spinlock_exit+0x3a
              kernel`soreceive_generic+0x278
              kernel`soreceive+0x44
              kernel`dofileread+0x95
              kernel`sys_read+0xc3
              kernel`amd64_syscall+0x369
              kernel`0xffffffff8104fabd
                1

              kernel`vfs_msync+0x226
                1

              kernel`acpi_timer_get_timecount+0x1c
              kernel`g_io_request+0x2a7
              kernel`g_part_start+0x108
              kernel`g_io_request+0x2a7
              kernel`g_part_start+0x108
              kernel`g_io_request+0x2a7
              kernel`bufwrite+0x21e
              kernel`vfs_bio_awrite+0x372
              kernel`vop_stdfsync+0x267
              kernel`VOP_FSYNC_APV+0x7e
              kernel`ffs_sync+0x32b
              kernel`sys_sync+0x126
              kernel`amd64_syscall+0x369
              kernel`0xffffffff8104fabd
                1

              kernel`acpi_timer_get_timecount+0x1c
              kernel`VOP_STRATEGY_APV+0x7e
              kernel`bufstrategy+0x2c
              kernel`bufwrite+0x21e
              kernel`ffs_syncvnode+0x312
              kernel`ffs_sync+0x1fd
              kernel`sys_sync+0x126
              kernel`amd64_syscall+0x369
              kernel`0xffffffff8104fabd
                1

              kernel`acpi_timer_get_timecount+0x1c
              kernel`VOP_STRATEGY_APV+0x7e
              kernel`bufstrategy+0x2c
              kernel`bufwrite+0x21e
              kernel`vfs_bio_awrite+0x372
              kernel`ffs_syncvnode+0x326
              kernel`ffs_sync+0x1fd
              kernel`sys_sync+0x126
              kernel`amd64_syscall+0x369
              kernel`0xffffffff8104fabd
                1

              kernel`vm_domain_allocate+0xf
              kernel`vm_fault_hold+0x13ac
              kernel`vm_fault+0x60
              kernel`trap_pfault+0x163
              kernel`trap+0x29e
              kernel`0xffffffff8104f1d5
              kernel`uiomove_faultflag+0x115
              kernel`soreceive_generic+0x920
              kernel`soreceive+0x44
              kernel`dofileread+0x95
              kernel`sys_read+0xc3
              kernel`amd64_syscall+0x369
              kernel`0xffffffff8104fabd
                1

              kernel`vm_fault_hold+0x1f06
              kernel`0xffffffff8104f1d5
              kernel`uiomove_faultflag+0x115
              kernel`soreceive_generic+0x920
              kernel`soreceive+0x44
              kernel`dofileread+0x95
              kernel`sys_read+0xc3
              kernel`amd64_syscall+0x369
              kernel`0xffffffff8104fabd
                1

              kernel`pmap_enter+0x45f
              kernel`trap+0x29e
              kernel`0xffffffff8104f1d5
              kernel`uiomove_faultflag+0xf2
              kernel`m_uiotombuf+0xfc
              kernel`sosend_generic+0x47a
              kernel`sosend+0x50
              kernel`soo_write+0x49
              kernel`dofilewrite+0xb2
              kernel`sys_write+0xc3
              kernel`amd64_syscall+0x369
              kernel`0xffffffff8104fabd
                1

              kernel`amd64_syscall+0x36c
                1

              kernel`vm_fault_hold+0x1f27
              kernel`0xffffffff8104f1d5
              kernel`uiomove_faultflag+0x115
              kernel`soreceive_generic+0x920
              kernel`soreceive+0x44
              kernel`dofileread+0x95
              kernel`sys_read+0xc3
              kernel`amd64_syscall+0x369
              kernel`0xffffffff8104fabd
                1

              kernel`vm_fault_hold+0x112d
              kernel`0xffffffff8104f1d5
              kernel`uiomove_faultflag+0xf2
              kernel`m_uiotombuf+0xfc
              kernel`sosend_generic+0x47a
              kernel`sosend+0x50
              kernel`soo_write+0x49
              kernel`dofilewrite+0xb2
              kernel`sys_write+0xc3
              kernel`amd64_syscall+0x369
              kernel`0xffffffff8104fabd
                1

              kernel`vm_domain_allocate+0x5b
              kernel`vm_fault_hold+0x13ac
              kernel`vm_fault+0x60
              kernel`trap_pfault+0x163
              kernel`trap+0x29e
              kernel`0xffffffff8104f1d5
              kernel`uiomove_faultflag+0x115
              kernel`soreceive_generic+0x920
              kernel`soreceive+0x44
              kernel`dofileread+0x95
              kernel`sys_read+0xc3
              kernel`amd64_syscall+0x369
              kernel`0xffffffff8104fabd
                1

              kernel`vm_pqbatch_process_page+0xa7
              kernel`vm_object_terminate+0x208
              kernel`vm_object_deallocate+0x28
              kernel`_vm_map_unlock+0xd9
              kernel`vm_map_remove+0xb2
              kernel`vmspace_exit+0xc9
              kernel`exit1+0x5c9
              kernel`0xffffffff80b5539d
              kernel`amd64_syscall+0x369
              kernel`0xffffffff8104fabd
                1

              dtrace.ko`dtrace_trap
              kernel`sosend_generic+0x47a
              kernel`sosend+0x50
              kernel`soo_write+0x49
              kernel`dofilewrite+0xb2
              kernel`sys_write+0xc3
              kernel`amd64_syscall+0x369
              kernel`0xffffffff8104fabd
                1

              kernel`vm_fault_hold+0x1d7b
              kernel`0xffffffff8104f1d5
              kernel`uiomove_faultflag+0x115
              kernel`soreceive_generic+0x920
              kernel`soreceive+0x44
              kernel`dofileread+0x95
              kernel`sys_read+0xc3
              kernel`amd64_syscall+0x369
              kernel`0xffffffff8104fabd
                1

              kernel`vfs_msync+0x1c4
                1

              kernel`ffs_sync+0x22c
                1

              kernel`vm_fault_hold+0x199a
              kernel`0xffffffff8104f1d5
              kernel`uiomove_faultflag+0xf2
              kernel`m_uiotombuf+0xfc
              kernel`sosend_generic+0x47a
              kernel`sosend+0x50
              kernel`soo_write+0x49
              kernel`dofilewrite+0xb2
              kernel`sys_write+0xc3
              kernel`amd64_syscall+0x369
              kernel`0xffffffff8104fabd
                1

              kernel`_mtx_trylock_flags_int+0x2b
              kernel`amd64_syscall+0x369
              kernel`0xffffffff8104fabd
                1

              kernel`__mnt_vnode_next_all+0x1b2
              kernel`0xffffffff8104fabd
                1

              kernel`uma_zfree_arg+0xc7
              kernel`sys_read+0xc3
              kernel`amd64_syscall+0x369
              kernel`0xffffffff8104fabd
                1

              kernel`__mnt_vnode_next_all+0xc7
              kernel`0xffffffff8104fabd
                1

              kernel`tcp_timer_active+0x5c
              kernel`soo_write+0x49
              kernel`dofilewrite+0xb2
              kernel`sys_write+0xc3
              kernel`amd64_syscall+0x369
              kernel`0xffffffff8104fabd
                1

              kernel`__mnt_vnode_next_all+0xea
              kernel`0xffffffff8104fabd
                2

              kernel`mnt_vnode_next_active+0x496
              kernel`0xffffffff8104fabd
                2

              kernel`soreceive_generic+0xb65
              kernel`amd64_syscall+0x369
              kernel`0xffffffff8104fabd
                2

              kernel`key_addref+0xc
              kernel`tcp_usr_send+0x443
              kernel`sosend_generic+0x586
              kernel`sosend+0x50
              kernel`soo_write+0x49
              kernel`dofilewrite+0xb2
              kernel`sys_write+0xc3
              kernel`amd64_syscall+0x369
              kernel`0xffffffff8104fabd
                2

              kernel`lock_delay+0x40
              kernel`trap_pfault+0x163
              kernel`trap+0x29e
              kernel`0xffffffff8104f1d5
              kernel`uiomove_faultflag+0xf2
              kernel`m_uiotombuf+0xfc
              kernel`sosend_generic+0x47a
              kernel`sosend+0x50
              kernel`soo_write+0x49
              kernel`dofilewrite+0xb2
              kernel`sys_write+0xc3
              kernel`amd64_syscall+0x369
              kernel`0xffffffff8104fabd
                2

              kernel`__mnt_vnode_next_all+0x4d
              kernel`0xffffffff8104fabd
                3

              kernel`copyin_nosmap_std+0x124
              kernel`sosend+0x50
              kernel`soo_write+0x49
              kernel`dofilewrite+0xb2
              kernel`sys_write+0xc3
              kernel`amd64_syscall+0x369
              kernel`0xffffffff8104fabd
                4

              kernel`copyout_nosmap_std+0x124
              kernel`dofileread+0x95
              kernel`sys_read+0xc3
              kernel`amd64_syscall+0x369
              kernel`0xffffffff8104fabd
                4

              kernel`0xffffffff8104f153
              kernel`dofileread+0x95
              kernel`sys_read+0xc3
              kernel`amd64_syscall+0x369
              kernel`0xffffffff8104fabd
                5

              kernel`spinlock_exit+0x3a
              kernel`if_simloop+0xfb
              kernel`ip_output+0x1426
              kernel`tcp_output+0x1b0c
              kernel`tcp_usr_rcvd+0xb1
              kernel`soreceive_generic+0xe48
              kernel`soreceive+0x44
              kernel`dofileread+0x95
              kernel`sys_read+0xc3
              kernel`amd64_syscall+0x369
              kernel`0xffffffff8104fabd
                8

              kernel`lock_delay+0x42
              kernel`trap_pfault+0x163
              kernel`trap+0x29e
              kernel`0xffffffff8104f1d5
              kernel`uiomove_faultflag+0x115
              kernel`soreceive_generic+0x920
              kernel`soreceive+0x44
              kernel`dofileread+0x95
              kernel`sys_read+0xc3
              kernel`amd64_syscall+0x369
              kernel`0xffffffff8104fabd
                9

              kernel`spinlock_exit+0x3a
              kernel`netisr_queue+0x5b
              kernel`if_simloop+0xfb
              kernel`ip_output+0x1426
              kernel`tcp_output+0x1b0c
              kernel`tcp_usr_rcvd+0xb1
              kernel`soreceive_generic+0xe48
              kernel`soreceive+0x44
              kernel`dofileread+0x95
              kernel`sys_read+0xc3
              kernel`amd64_syscall+0x369
              kernel`0xffffffff8104fabd
               11

              kernel`pagezero_std+0xd
              kernel`trap+0x29e
              kernel`0xffffffff8104f1d5
              kernel`uiomove_faultflag+0xf2
              kernel`m_uiotombuf+0xfc
              kernel`sosend_generic+0x47a
              kernel`sosend+0x50
              kernel`soo_write+0x49
              kernel`dofilewrite+0xb2
              kernel`sys_write+0xc3
              kernel`amd64_syscall+0x369
              kernel`0xffffffff8104fabd
               12

              kernel`pagezero_std+0xd
              kernel`trap+0x29e
              kernel`0xffffffff8104f1d5
              kernel`uiomove_faultflag+0x115
              kernel`soreceive_generic+0x920
              kernel`soreceive+0x44
              kernel`dofileread+0x95
              kernel`sys_read+0xc3
              kernel`amd64_syscall+0x369
              kernel`0xffffffff8104fabd
               16

              kernel`lock_delay+0x42
              kernel`trap_pfault+0x163
              kernel`trap+0x29e
              kernel`0xffffffff8104f1d5
              kernel`uiomove_faultflag+0xf2
              kernel`m_uiotombuf+0xfc
              kernel`sosend_generic+0x47a
              kernel`sosend+0x50
              kernel`soo_write+0x49
              kernel`dofilewrite+0xb2
              kernel`sys_write+0xc3
              kernel`amd64_syscall+0x369
              kernel`0xffffffff8104fabd
               25
