dtrace: script 'dtrace-scripts/profile.d' matched 1 probe
dtrace: buffer size lowered to 2m
dtrace: aggregation size lowered to 2m



                1

              kernel`ffs_sync+0x17e
                1

              kernel`vfs_msync+0x21e
                1

              kernel`ffs_sync+0x182
                1

              kernel`vfs_msync+0x226
                1

              kernel`acpi_timer_get_timecount+0x1c
              kernel`g_io_request+0x2a7
              kernel`g_part_start+0x108
              kernel`g_io_request+0x2a7
              kernel`g_part_start+0x108
              kernel`g_io_request+0x2a7
              kernel`bufwrite+0x21e
              kernel`vop_stdfsync+0x282
              kernel`VOP_FSYNC_APV+0x7e
              kernel`ffs_sync+0x32b
              kernel`sys_sync+0x126
              kernel`amd64_syscall+0x369
              kernel`0xffffffff8104fabd
                1

              kernel`__mnt_vnode_next_all+0xea
              kernel`0xffffffff8104fabd
                2

              kernel`acpi_timer_get_timecount+0x1c
              kernel`ufs_close+0x69
              kernel`VOP_CLOSE_APV+0x78
              kernel`kern_execve+0x8c5
              kernel`sys_execve+0x4c
              kernel`amd64_syscall+0x369
              kernel`0xffffffff8104fabd
                2

              kernel`mnt_vnode_next_active+0x317
              kernel`0xffffffff8104fabd
                2

              kernel`spinlock_exit+0x3a
              kernel`if_simloop+0xfb
              kernel`ip_output+0x1426
              kernel`tcp_output+0x1b0c
              kernel`tcp_usr_rcvd+0xb1
              kernel`soreceive_generic+0xe48
              kernel`soreceive+0x44
              kernel`dofileread+0x95
              kernel`sys_read+0xc3
              kernel`amd64_syscall+0x369
              kernel`0xffffffff8104fabd
                3

              kernel`mnt_vnode_next_active+0x496
              kernel`0xffffffff8104fabd
                3

              kernel`vfs_msync+0x1c4
                3

              kernel`spinlock_exit+0x3a
              kernel`netisr_queue+0x5b
              kernel`if_simloop+0xfb
              kernel`ip_output+0x1426
              kernel`tcp_output+0x1b0c
              kernel`tcp_usr_rcvd+0xb1
              kernel`soreceive_generic+0xe48
              kernel`soreceive+0x44
              kernel`dofileread+0x95
              kernel`sys_read+0xc3
              kernel`amd64_syscall+0x369
              kernel`0xffffffff8104fabd
                4

              kernel`spinlock_exit+0x3a
              kernel`if_simloop+0xfb
              kernel`ip_output+0x1426
              kernel`tcp_output+0x1b0c
              kernel`tcp_usr_send+0x443
              kernel`sosend_generic+0x586
              kernel`sosend+0x50
              kernel`soo_write+0x49
              kernel`dofilewrite+0xb2
              kernel`sys_write+0xc3
              kernel`amd64_syscall+0x369
              kernel`0xffffffff8104fabd
                5

              kernel`pagezero_std+0xd
              kernel`trap+0x425
              kernel`0xffffffff8104f1d5
                5

              kernel`__mnt_vnode_next_all+0x1b2
              kernel`0xffffffff8104fabd
               10

              kernel`spinlock_exit+0x3a
              kernel`sosend_generic+0x308
              kernel`sosend+0x50
              kernel`soo_write+0x49
              kernel`dofilewrite+0xb2
              kernel`sys_write+0xc3
              kernel`amd64_syscall+0x369
              kernel`0xffffffff8104fabd
               12

              kernel`spinlock_exit+0x3a
              kernel`soreceive_generic+0x278
              kernel`soreceive+0x44
              kernel`dofileread+0x95
              kernel`sys_read+0xc3
              kernel`amd64_syscall+0x369
              kernel`0xffffffff8104fabd
               12

              kernel`__mnt_vnode_next_all+0x4d
              kernel`0xffffffff8104fabd
               51
