dtrace: script 'dtrace-scripts/profile.d' matched 1 probe
dtrace: buffer size lowered to 2m
dtrace: aggregation size lowered to 2m



              kernel`mnt_vnode_next_active+0x463
              kernel`0xffffffff8104fabd
                1

              kernel`spinlock_exit+0x3a
              kernel`if_simloop+0xfb
              kernel`ip_output+0x1426
              kernel`tcp_output+0x1b0c
              kernel`tcp_usr_send+0x443
              kernel`sosend_generic+0x586
              kernel`sosend+0x50
              kernel`soo_write+0x49
              kernel`dofilewrite+0xb2
              kernel`sys_write+0xc3
              kernel`amd64_syscall+0x369
              kernel`0xffffffff8104fabd
                1

              kernel`mb_free_ext+0x45
              kernel`sys_read+0xc3
              kernel`amd64_syscall+0x369
              kernel`0xffffffff8104fabd
                1

              kernel`__mnt_vnode_next_all+0xea
              kernel`0xffffffff8104fabd
                1

              kernel`uma_zalloc_arg+0x4
              kernel`sosend+0x50
              kernel`soo_write+0x49
              kernel`dofilewrite+0xb2
              kernel`sys_write+0xc3
              kernel`amd64_syscall+0x369
              kernel`0xffffffff8104fabd
                1

              kernel`acpi_timer_get_timecount+0x1c
              kernel`g_io_request+0x2a7
              kernel`bufwrite+0x21e
              kernel`ffs_use_bwrite+0x22e
              kernel`ffs_sync+0x409
              kernel`sys_sync+0x126
              kernel`amd64_syscall+0x369
              kernel`0xffffffff8104fabd
                1

              kernel`acpi_timer_get_timecount+0x1c
              kernel`VOP_STRATEGY_APV+0x7e
              kernel`bufstrategy+0x2c
              kernel`bufwrite+0x21e
              kernel`ffs_syncvnode+0x312
              kernel`ffs_sync+0x1fd
              kernel`sys_sync+0x126
              kernel`amd64_syscall+0x369
              kernel`0xffffffff8104fabd
                1

              kernel`m_getm2+0x1
              kernel`dofilewrite+0xb2
              kernel`sys_write+0xc3
              kernel`amd64_syscall+0x369
              kernel`0xffffffff8104fabd
                1

              kernel`ipsec4_output
              kernel`soreceive+0x44
              kernel`dofileread+0x95
              kernel`sys_read+0xc3
              kernel`amd64_syscall+0x369
              kernel`0xffffffff8104fabd
                1

              kernel`vfs_msync+0x262
                1

              kernel`soo_write+0xc6
              kernel`0xffffffff8104fabd
                1

              kernel`ip_output+0x1fe
              kernel`soreceive+0x44
              kernel`dofileread+0x95
              kernel`sys_read+0xc3
              kernel`amd64_syscall+0x369
              kernel`0xffffffff8104fabd
                1

              kernel`mb_ctor_mbuf+0x2f
              kernel`tcp_usr_send+0x443
              kernel`sosend_generic+0x586
              kernel`sosend+0x50
              kernel`soo_write+0x49
              kernel`dofilewrite+0xb2
              kernel`sys_write+0xc3
              kernel`amd64_syscall+0x369
              kernel`0xffffffff8104fabd
                1

              kernel`copyin_nosmap_std+0x124
              kernel`sosend+0x50
              kernel`soo_write+0x49
              kernel`dofilewrite+0xb2
              kernel`sys_write+0xc3
              kernel`amd64_syscall+0x369
              kernel`0xffffffff8104fabd
                1

              kernel`vfs_msync+0x1c4
                1

              kernel`mnt_vnode_next_active+0x317
              kernel`0xffffffff8104fabd
                1

              kernel`lock_delay+0x42
              kernel`sosend+0x50
              kernel`soo_write+0x49
              kernel`dofilewrite+0xb2
              kernel`sys_write+0xc3
              kernel`amd64_syscall+0x369
              kernel`0xffffffff8104fabd
                1

              kernel`mac_mbuf_init+0x6
              kernel`tcp_usr_send+0x443
              kernel`sosend_generic+0x586
              kernel`sosend+0x50
              kernel`soo_write+0x49
              kernel`dofilewrite+0xb2
              kernel`sys_write+0xc3
              kernel`amd64_syscall+0x369
              kernel`0xffffffff8104fabd
                1

              kernel`0xffffffff8104fa47
                2

              kernel`ffs_sync+0x22c
                2

                3

              kernel`mnt_vnode_next_active+0x496
              kernel`0xffffffff8104fabd
                3

              kernel`__mnt_vnode_next_all+0x1b2
              kernel`0xffffffff8104fabd
                3

              kernel`spinlock_exit+0x3a
              kernel`if_simloop+0xfb
              kernel`ip_output+0x1426
              kernel`tcp_output+0x1b0c
              kernel`tcp_usr_rcvd+0xb1
              kernel`soreceive_generic+0xe48
              kernel`soreceive+0x44
              kernel`dofileread+0x95
              kernel`sys_read+0xc3
              kernel`amd64_syscall+0x369
              kernel`0xffffffff8104fabd
                4

              kernel`spinlock_exit+0x3a
              kernel`netisr_queue+0x5b
              kernel`if_simloop+0xfb
              kernel`ip_output+0x1426
              kernel`tcp_output+0x1b0c
              kernel`tcp_usr_rcvd+0xb1
              kernel`soreceive_generic+0xe48
              kernel`soreceive+0x44
              kernel`dofileread+0x95
              kernel`sys_read+0xc3
              kernel`amd64_syscall+0x369
              kernel`0xffffffff8104fabd
                4

              kernel`spinlock_exit+0x3a
              kernel`sosend_generic+0x308
              kernel`sosend+0x50
              kernel`soo_write+0x49
              kernel`dofilewrite+0xb2
              kernel`sys_write+0xc3
              kernel`amd64_syscall+0x369
              kernel`0xffffffff8104fabd
                4

              kernel`spinlock_exit+0x3a
              kernel`soreceive_generic+0x278
              kernel`soreceive+0x44
              kernel`dofileread+0x95
              kernel`sys_read+0xc3
              kernel`amd64_syscall+0x369
              kernel`0xffffffff8104fabd
                5
