dtrace: script '../../dtrace-scripts/profile.d' matched 1 probe
dtrace: buffer size lowered to 2m
dtrace: aggregation size lowered to 2m



              kernel`spinlock_exit+0x3a
              kernel`if_simloop+0xfb
              kernel`ip_output+0x1426
              kernel`tcp_output+0x1b0c
              kernel`tcp_usr_rcvd+0xb1
              kernel`soreceive_generic+0xe48
              kernel`soreceive+0x44
              kernel`dofileread+0x95
              kernel`sys_read+0xc3
              kernel`amd64_syscall+0x369
              kernel`0xffffffff8104fabd
                1

              kernel`spinlock_exit+0x3a
              kernel`netisr_queue+0x5b
              kernel`if_simloop+0xfb
              kernel`ip_output+0x1426
              kernel`tcp_output+0x1b0c
              kernel`tcp_usr_send+0x443
              kernel`sosend_generic+0x586
              kernel`sosend+0x50
              kernel`soo_write+0x49
              kernel`dofilewrite+0xb2
              kernel`sys_write+0xc3
              kernel`amd64_syscall+0x369
              kernel`0xffffffff8104fabd
                1

              kernel`ffs_sync+0x182
                1

              kernel`__mnt_vnode_next_all+0xea
              kernel`0xffffffff8104fabd
                1

              kernel`ata_pci_dmastart+0x9f
              kernel`xpt_action_default+0x8d9
              kernel`adastart+0x991
              kernel`xpt_run_allocq+0x183
              kernel`adastrategy+0x8e
              kernel`g_disk_start+0x34f
              kernel`g_io_request+0x2a7
              kernel`g_part_start+0x108
              kernel`g_io_request+0x2a7
              kernel`g_part_start+0x108
              kernel`g_io_request+0x2a7
              kernel`ufs_strategy+0x83
              kernel`VOP_STRATEGY_APV+0x7e
              kernel`bufstrategy+0x2c
              kernel`bufwrite+0x21e
              kernel`ffs_syncvnode+0x312
              kernel`ffs_sync+0x1fd
              kernel`sys_sync+0x126
              kernel`amd64_syscall+0x369
              kernel`0xffffffff8104fabd
                1

              kernel`acpi_timer_get_timecount+0x1c
              kernel`VOP_STRATEGY_APV+0x7e
              kernel`bufstrategy+0x2c
              kernel`bufwrite+0x21e
              kernel`ffs_syncvnode+0x312
              kernel`ffs_sync+0x1fd
              kernel`sys_sync+0x126
              kernel`amd64_syscall+0x369
              kernel`0xffffffff8104fabd
                1

              kernel`_mtx_trylock_flags_int+0x8a
              kernel`amd64_syscall+0x369
              kernel`0xffffffff8104fabd
                1

              kernel`0xffffffff8104fa47
                1

              kernel`soreceive_generic+0x940
              kernel`amd64_syscall+0x369
              kernel`0xffffffff8104fabd
                1

              kernel`fdescfree_fds+0x30
              kernel`amd64_syscall+0x369
              kernel`0xffffffff8104fabd
                1

              kernel`__mnt_vnode_next_all+0x143
              kernel`0xffffffff8104fabd
                1

              kernel`__mnt_vnode_next_all+0x4d
              kernel`0xffffffff8104fabd
                1

              kernel`_sleep+0xa9
              kernel`soo_write+0x49
              kernel`dofilewrite+0xb2
              kernel`sys_write+0xc3
              kernel`amd64_syscall+0x369
              kernel`0xffffffff8104fabd
                1

              kernel`copyin_nosmap_std+0x124
              kernel`sosend+0x50
              kernel`soo_write+0x49
              kernel`dofilewrite+0xb2
              kernel`sys_write+0xc3
              kernel`amd64_syscall+0x369
              kernel`0xffffffff8104fabd
                1

              kernel`mnt_vnode_next_active+0x496
              kernel`0xffffffff8104fabd
                2

              kernel`vfs_msync+0x262
                2

              kernel`mb_ctor_mbuf+0x2f
              kernel`sosend_generic+0x47a
              kernel`sosend+0x50
              kernel`soo_write+0x49
              kernel`dofilewrite+0xb2
              kernel`sys_write+0xc3
              kernel`amd64_syscall+0x369
              kernel`0xffffffff8104fabd
                2

              kernel`vfs_msync+0x1c4
                2

              kernel`spinlock_exit+0x3a
              kernel`netisr_queue+0x5b
              kernel`if_simloop+0xfb
              kernel`ip_output+0x1426
              kernel`tcp_output+0x1b0c
              kernel`tcp_usr_rcvd+0xb1
              kernel`soreceive_generic+0xe48
              kernel`soreceive+0x44
              kernel`dofileread+0x95
              kernel`sys_read+0xc3
              kernel`amd64_syscall+0x369
              kernel`0xffffffff8104fabd
                3

              kernel`spinlock_exit+0x3a
              kernel`sosend_generic+0x308
              kernel`sosend+0x50
              kernel`soo_write+0x49
              kernel`dofilewrite+0xb2
              kernel`sys_write+0xc3
              kernel`amd64_syscall+0x369
              kernel`0xffffffff8104fabd
                3

              kernel`copyout_nosmap_std+0x124
              kernel`dofileread+0x95
              kernel`sys_read+0xc3
              kernel`amd64_syscall+0x369
              kernel`0xffffffff8104fabd
                3

              kernel`__mnt_vnode_next_all+0x1b2
              kernel`0xffffffff8104fabd
                3

              kernel`spinlock_exit+0x3a
              kernel`soreceive_generic+0x278
              kernel`soreceive+0x44
              kernel`dofileread+0x95
              kernel`sys_read+0xc3
              kernel`amd64_syscall+0x369
              kernel`0xffffffff8104fabd
                5
