# dmidecode 3.1
Getting SMBIOS data from sysfs.
SMBIOS 3.2.1 present.
# SMBIOS implementations newer than version 3.1.1 are not
# fully supported by this version of dmidecode.

Handle 0x007F, DMI type 7, 27 bytes
Cache Information
	Socket Designation: L1-Cache
	Configuration: Enabled, Not Socketed, Level 1
	Operational Mode: Write Back
	Location: Internal
	Installed Size: 1536 kB
	Maximum Size: 1536 kB
	Supported SRAM Types:
		Synchronous
	Installed SRAM Type: Synchronous
	Speed: Unknown
	Error Correction Type: Single-bit ECC
	System Type: Instruction
	Associativity: 8-way Set-associative

Handle 0x0080, DMI type 7, 27 bytes
Cache Information
	Socket Designation: L2-Cache
	Configuration: Enabled, Not Socketed, Level 2
	Operational Mode: Varies With Memory Address
	Location: Internal
	Installed Size: 24576 kB
	Maximum Size: 24576 kB
	Supported SRAM Types:
		Synchronous
	Installed SRAM Type: Synchronous
	Speed: Unknown
	Error Correction Type: Single-bit ECC
	System Type: Unified
	Associativity: 16-way Set-associative

Handle 0x0081, DMI type 7, 27 bytes
Cache Information
	Socket Designation: L3-Cache
	Configuration: Enabled, Not Socketed, Level 3
	Operational Mode: Varies With Memory Address
	Location: Internal
	Installed Size: 36608 kB
	Maximum Size: 36608 kB
	Supported SRAM Types:
		Synchronous
	Installed SRAM Type: Synchronous
	Speed: Unknown
	Error Correction Type: Single-bit ECC
	System Type: Unified
	Associativity: Fully Associative

Handle 0x0083, DMI type 7, 27 bytes
Cache Information
	Socket Designation: L1-Cache
	Configuration: Enabled, Not Socketed, Level 1
	Operational Mode: Write Back
	Location: Internal
	Installed Size: 1536 kB
	Maximum Size: 1536 kB
	Supported SRAM Types:
		Synchronous
	Installed SRAM Type: Synchronous
	Speed: Unknown
	Error Correction Type: Single-bit ECC
	System Type: Instruction
	Associativity: 8-way Set-associative

Handle 0x0084, DMI type 7, 27 bytes
Cache Information
	Socket Designation: L2-Cache
	Configuration: Enabled, Not Socketed, Level 2
	Operational Mode: Varies With Memory Address
	Location: Internal
	Installed Size: 24576 kB
	Maximum Size: 24576 kB
	Supported SRAM Types:
		Synchronous
	Installed SRAM Type: Synchronous
	Speed: Unknown
	Error Correction Type: Single-bit ECC
	System Type: Unified
	Associativity: 16-way Set-associative

Handle 0x0085, DMI type 7, 27 bytes
Cache Information
	Socket Designation: L3-Cache
	Configuration: Enabled, Not Socketed, Level 3
	Operational Mode: Varies With Memory Address
	Location: Internal
	Installed Size: 36608 kB
	Maximum Size: 36608 kB
	Supported SRAM Types:
		Synchronous
	Installed SRAM Type: Synchronous
	Speed: Unknown
	Error Correction Type: Single-bit ECC
	System Type: Unified
	Associativity: Fully Associative

