
 Performance counter stats for '/usr/local/benchmarks/libquantum_O3 400 25':

           1346189      cache-misses              #    0.044 % of all cache refs      (22.16%)
        3047706748      cache-references                                              (22.19%)
        3013415724      L1-dcache-load-misses     #   24.28% of all L1-dcache hits    (22.23%)
       12409909611      L1-dcache-loads                                               (22.26%)
        4792209146      L1-dcache-stores                                              (22.28%)
           1302458      L1-icache-load-misses                                         (22.28%)
              3514      LLC-load-misses           #    0.00% of all LL-cache hits     (22.28%)
          98784298      LLC-loads                                                     (22.28%)
             47398      LLC-store-misses                                              (11.14%)
            793197      LLC-stores                                                    (11.14%)
          18994426      branch-load-misses                                            (16.71%)
       24088516014      branch-loads                                                  (22.25%)
             18317      dTLB-load-misses          #    0.00% of all dTLB cache hits   (22.21%)
       12477678676      dTLB-loads                                                    (22.18%)
             34954      dTLB-store-misses                                             (22.14%)
        4940481028      dTLB-stores                                                   (22.14%)
                54      iTLB-load-misses          #    3.56% of all iTLB cache hits   (22.14%)
              1518      iTLB-loads                                                    (22.14%)

      11.347191873 seconds time elapsed

