000 (5405.000.000) 10/21 01:33:34 Job submitted from host: <172.31.60.18:9618?addrs=172.31.60.18-9618&noUDP&sock=868_f44b_4>
...
001 (5405.000.000) 10/21 01:35:05 Job executing on host: <172.31.20.29:9618?addrs=172.31.20.29-9618&noUDP&sock=828_8481_3>
...
006 (5405.000.000) 10/21 01:35:14 Image size of job updated: 10660
	11  -  MemoryUsage of job (MB)
	10660  -  ResidentSetSize of job (KB)
...
006 (5405.000.000) 10/21 01:35:50 Image size of job updated: 360880
	11  -  MemoryUsage of job (MB)
	10660  -  ResidentSetSize of job (KB)
...
005 (5405.000.000) 10/21 01:35:51 Job terminated.
	(1) Normal termination (return value 0)
		Usr 0 00:00:45, Sys 0 00:00:00  -  Run Remote Usage
		Usr 0 00:00:00, Sys 0 00:00:00  -  Run Local Usage
		Usr 0 00:00:45, Sys 0 00:00:00  -  Total Remote Usage
		Usr 0 00:00:00, Sys 0 00:00:00  -  Total Local Usage
	454  -  Run Bytes Sent By Job
	2456116  -  Run Bytes Received By Job
	454  -  Total Bytes Sent By Job
	2456116  -  Total Bytes Received By Job
	Partitionable Resources :    Usage  Request Allocated 
	   Cpus                 :     0.99        1         1 
	   Disk (KB)            :  2414        2500      7508 
	   Memory (MB)          :    11           1       128 
...
