000 (5413.000.000) 10/21 01:33:34 Job submitted from host: <172.31.60.18:9618?addrs=172.31.60.18-9618&noUDP&sock=868_f44b_4>
...
001 (5413.000.000) 10/21 01:36:34 Job executing on host: <172.31.20.29:9618?addrs=172.31.20.29-9618&noUDP&sock=828_8481_3>
...
006 (5413.000.000) 10/21 01:36:42 Image size of job updated: 12764
	13  -  MemoryUsage of job (MB)
	12764  -  ResidentSetSize of job (KB)
...
006 (5413.000.000) 10/21 01:37:01 Image size of job updated: 12828
	13  -  MemoryUsage of job (MB)
	12764  -  ResidentSetSize of job (KB)
...
005 (5413.000.000) 10/21 01:37:01 Job terminated.
	(1) Normal termination (return value 0)
		Usr 0 00:00:27, Sys 0 00:00:00  -  Run Remote Usage
		Usr 0 00:00:00, Sys 0 00:00:00  -  Run Local Usage
		Usr 0 00:00:27, Sys 0 00:00:00  -  Total Remote Usage
		Usr 0 00:00:00, Sys 0 00:00:00  -  Total Local Usage
	704  -  Run Bytes Sent By Job
	2456356  -  Run Bytes Received By Job
	704  -  Total Bytes Sent By Job
	2456356  -  Total Bytes Received By Job
	Partitionable Resources :    Usage  Request Allocated 
	   Cpus                 :     1.00        1         1 
	   Disk (KB)            :  2414        2500      7508 
	   Memory (MB)          :    13           1       128 
...
