000 (5406.000.000) 10/21 01:33:34 Job submitted from host: <172.31.60.18:9618?addrs=172.31.60.18-9618&noUDP&sock=868_f44b_4>
...
001 (5406.000.000) 10/21 01:35:44 Job executing on host: <172.31.20.29:9618?addrs=172.31.20.29-9618&noUDP&sock=828_8481_3>
...
006 (5406.000.000) 10/21 01:35:52 Image size of job updated: 9128
	9  -  MemoryUsage of job (MB)
	9128  -  ResidentSetSize of job (KB)
...
006 (5406.000.000) 10/21 01:36:29 Image size of job updated: 360880
	9  -  MemoryUsage of job (MB)
	9128  -  ResidentSetSize of job (KB)
...
005 (5406.000.000) 10/21 01:36:29 Job terminated.
	(1) Normal termination (return value 0)
		Usr 0 00:00:44, Sys 0 00:00:00  -  Run Remote Usage
		Usr 0 00:00:00, Sys 0 00:00:00  -  Run Local Usage
		Usr 0 00:00:44, Sys 0 00:00:00  -  Total Remote Usage
		Usr 0 00:00:00, Sys 0 00:00:00  -  Total Local Usage
	494  -  Run Bytes Sent By Job
	2456146  -  Run Bytes Received By Job
	494  -  Total Bytes Sent By Job
	2456146  -  Total Bytes Received By Job
	Partitionable Resources :    Usage  Request Allocated 
	   Cpus                 :     1.00        1         1 
	   Disk (KB)            :  2414        2500      7508 
	   Memory (MB)          :     9           1       128 
...
