000 (5412.000.000) 10/21 01:33:34 Job submitted from host: <172.31.60.18:9618?addrs=172.31.60.18-9618&noUDP&sock=868_f44b_4>
...
001 (5412.000.000) 10/21 01:36:33 Job executing on host: <172.31.20.29:9618?addrs=172.31.20.29-9618&noUDP&sock=828_8481_3>
...
006 (5412.000.000) 10/21 01:36:41 Image size of job updated: 12772
	13  -  MemoryUsage of job (MB)
	12772  -  ResidentSetSize of job (KB)
...
006 (5412.000.000) 10/21 01:37:00 Image size of job updated: 360884
	13  -  MemoryUsage of job (MB)
	12772  -  ResidentSetSize of job (KB)
...
005 (5412.000.000) 10/21 01:37:00 Job terminated.
	(1) Normal termination (return value 0)
		Usr 0 00:00:26, Sys 0 00:00:00  -  Run Remote Usage
		Usr 0 00:00:00, Sys 0 00:00:00  -  Run Local Usage
		Usr 0 00:00:26, Sys 0 00:00:00  -  Total Remote Usage
		Usr 0 00:00:00, Sys 0 00:00:00  -  Total Local Usage
	674  -  Run Bytes Sent By Job
	2456326  -  Run Bytes Received By Job
	674  -  Total Bytes Sent By Job
	2456326  -  Total Bytes Received By Job
	Partitionable Resources :    Usage  Request Allocated 
	   Cpus                 :     1.00        1         1 
	   Disk (KB)            :  2414        2500      7508 
	   Memory (MB)          :    13           1       128 
...
