000 (5410.000.000) 10/21 01:33:34 Job submitted from host: <172.31.60.18:9618?addrs=172.31.60.18-9618&noUDP&sock=868_f44b_4>
...
001 (5410.000.000) 10/21 01:36:29 Job executing on host: <172.31.20.29:9618?addrs=172.31.20.29-9618&noUDP&sock=828_8481_3>
...
006 (5410.000.000) 10/21 01:36:38 Image size of job updated: 12768
	13  -  MemoryUsage of job (MB)
	12768  -  ResidentSetSize of job (KB)
...
006 (5410.000.000) 10/21 01:36:56 Image size of job updated: 12828
	13  -  MemoryUsage of job (MB)
	12768  -  ResidentSetSize of job (KB)
...
005 (5410.000.000) 10/21 01:36:56 Job terminated.
	(1) Normal termination (return value 0)
		Usr 0 00:00:26, Sys 0 00:00:00  -  Run Remote Usage
		Usr 0 00:00:00, Sys 0 00:00:00  -  Run Local Usage
		Usr 0 00:00:26, Sys 0 00:00:00  -  Total Remote Usage
		Usr 0 00:00:00, Sys 0 00:00:00  -  Total Local Usage
	614  -  Run Bytes Sent By Job
	2456266  -  Run Bytes Received By Job
	614  -  Total Bytes Sent By Job
	2456266  -  Total Bytes Received By Job
	Partitionable Resources :    Usage  Request Allocated 
	   Cpus                 :     1.00        1         1 
	   Disk (KB)            :  2415        2500      7508 
	   Memory (MB)          :    13           1       128 
...
