000 (5061.000.000) 10/20 21:11:27 Job submitted from host: <172.31.60.18:9618?addrs=172.31.60.18-9618&noUDP&sock=868_f44b_4>
...
001 (5061.000.000) 10/20 21:18:34 Job executing on host: <172.31.20.29:9618?addrs=172.31.20.29-9618&noUDP&sock=828_8481_3>
...
006 (5061.000.000) 10/20 21:18:42 Image size of job updated: 9164
	9  -  MemoryUsage of job (MB)
	9164  -  ResidentSetSize of job (KB)
...
006 (5061.000.000) 10/20 21:19:23 Image size of job updated: 360876
	9  -  MemoryUsage of job (MB)
	9164  -  ResidentSetSize of job (KB)
...
005 (5061.000.000) 10/20 21:19:23 Job terminated.
	(1) Normal termination (return value 0)
		Usr 0 00:00:48, Sys 0 00:00:00  -  Run Remote Usage
		Usr 0 00:00:00, Sys 0 00:00:00  -  Run Local Usage
		Usr 0 00:00:48, Sys 0 00:00:00  -  Total Remote Usage
		Usr 0 00:00:00, Sys 0 00:00:00  -  Total Local Usage
	2023  -  Run Bytes Sent By Job
	2457676  -  Run Bytes Received By Job
	2023  -  Total Bytes Sent By Job
	2457676  -  Total Bytes Received By Job
	Partitionable Resources :    Usage  Request Allocated 
	   Cpus                 :     0.99        1         1 
	   Disk (KB)            :  2416        2500      7508 
	   Memory (MB)          :     9           1       128 
...
