000 (5106.000.000) 10/20 21:11:28 Job submitted from host: <172.31.60.18:9618?addrs=172.31.60.18-9618&noUDP&sock=868_f44b_4>
...
001 (5106.000.000) 10/20 21:23:38 Job executing on host: <172.31.20.29:9618?addrs=172.31.20.29-9618&noUDP&sock=828_8481_3>
...
006 (5106.000.000) 10/20 21:23:46 Image size of job updated: 9132
	9  -  MemoryUsage of job (MB)
	9132  -  ResidentSetSize of job (KB)
...
006 (5106.000.000) 10/20 21:24:30 Image size of job updated: 12832
	9  -  MemoryUsage of job (MB)
	9132  -  ResidentSetSize of job (KB)
...
005 (5106.000.000) 10/20 21:24:30 Job terminated.
	(1) Normal termination (return value 0)
		Usr 0 00:00:52, Sys 0 00:00:00  -  Run Remote Usage
		Usr 0 00:00:00, Sys 0 00:00:00  -  Run Local Usage
		Usr 0 00:00:52, Sys 0 00:00:00  -  Total Remote Usage
		Usr 0 00:00:00, Sys 0 00:00:00  -  Total Local Usage
	3413  -  Run Bytes Sent By Job
	2459056  -  Run Bytes Received By Job
	3413  -  Total Bytes Sent By Job
	2459056  -  Total Bytes Received By Job
	Partitionable Resources :    Usage  Request Allocated 
	   Cpus                 :     1.00        1         1 
	   Disk (KB)            :  2417        2500      7508 
	   Memory (MB)          :     9           1       128 
...
