000 (5066.000.000) 10/20 21:11:27 Job submitted from host: <172.31.60.18:9618?addrs=172.31.60.18-9618&noUDP&sock=868_f44b_4>
...
001 (5066.000.000) 10/20 21:19:18 Job executing on host: <172.31.20.29:9618?addrs=172.31.20.29-9618&noUDP&sock=828_8481_3>
...
006 (5066.000.000) 10/20 21:19:27 Image size of job updated: 9644
	10  -  MemoryUsage of job (MB)
	9644  -  ResidentSetSize of job (KB)
...
006 (5066.000.000) 10/20 21:20:09 Image size of job updated: 12832
	10  -  MemoryUsage of job (MB)
	9644  -  ResidentSetSize of job (KB)
...
005 (5066.000.000) 10/20 21:20:09 Job terminated.
	(1) Normal termination (return value 0)
		Usr 0 00:00:50, Sys 0 00:00:00  -  Run Remote Usage
		Usr 0 00:00:00, Sys 0 00:00:00  -  Run Local Usage
		Usr 0 00:00:50, Sys 0 00:00:00  -  Total Remote Usage
		Usr 0 00:00:00, Sys 0 00:00:00  -  Total Local Usage
	2183  -  Run Bytes Sent By Job
	2457826  -  Run Bytes Received By Job
	2183  -  Total Bytes Sent By Job
	2457826  -  Total Bytes Received By Job
	Partitionable Resources :    Usage  Request Allocated 
	   Cpus                 :     1.00        1         1 
	   Disk (KB)            :  2416        2500      7508 
	   Memory (MB)          :    10           1       128 
...
