000 (5096.000.000) 10/20 21:11:28 Job submitted from host: <172.31.60.18:9618?addrs=172.31.60.18-9618&noUDP&sock=868_f44b_4>
...
001 (5096.000.000) 10/20 21:22:06 Job executing on host: <172.31.20.29:9618?addrs=172.31.20.29-9618&noUDP&sock=828_8481_3>
...
006 (5096.000.000) 10/20 21:22:15 Image size of job updated: 9640
	10  -  MemoryUsage of job (MB)
	9640  -  ResidentSetSize of job (KB)
...
006 (5096.000.000) 10/20 21:22:58 Image size of job updated: 12828
	10  -  MemoryUsage of job (MB)
	9640  -  ResidentSetSize of job (KB)
...
005 (5096.000.000) 10/20 21:22:59 Job terminated.
	(1) Normal termination (return value 0)
		Usr 0 00:00:52, Sys 0 00:00:00  -  Run Remote Usage
		Usr 0 00:00:00, Sys 0 00:00:00  -  Run Local Usage
		Usr 0 00:00:52, Sys 0 00:00:00  -  Total Remote Usage
		Usr 0 00:00:00, Sys 0 00:00:00  -  Total Local Usage
	3083  -  Run Bytes Sent By Job
	2458726  -  Run Bytes Received By Job
	3083  -  Total Bytes Sent By Job
	2458726  -  Total Bytes Received By Job
	Partitionable Resources :    Usage  Request Allocated 
	   Cpus                 :     0.98        1         1 
	   Disk (KB)            :  2417        2500      7508 
	   Memory (MB)          :    10           1       128 
...
