000 (5039.000.000) 10/20 21:11:26 Job submitted from host: <172.31.60.18:9618?addrs=172.31.60.18-9618&noUDP&sock=868_f44b_4>
...
001 (5039.000.000) 10/20 21:16:14 Job executing on host: <172.31.20.29:9618?addrs=172.31.20.29-9618&noUDP&sock=828_8481_3>
...
006 (5039.000.000) 10/20 21:16:22 Image size of job updated: 9632
	10  -  MemoryUsage of job (MB)
	9632  -  ResidentSetSize of job (KB)
...
006 (5039.000.000) 10/20 21:17:01 Image size of job updated: 360876
	10  -  MemoryUsage of job (MB)
	9632  -  ResidentSetSize of job (KB)
...
005 (5039.000.000) 10/20 21:17:01 Job terminated.
	(1) Normal termination (return value 0)
		Usr 0 00:00:47, Sys 0 00:00:00  -  Run Remote Usage
		Usr 0 00:00:00, Sys 0 00:00:00  -  Run Local Usage
		Usr 0 00:00:47, Sys 0 00:00:00  -  Total Remote Usage
		Usr 0 00:00:00, Sys 0 00:00:00  -  Total Local Usage
	1363  -  Run Bytes Sent By Job
	2457016  -  Run Bytes Received By Job
	1363  -  Total Bytes Sent By Job
	2457016  -  Total Bytes Received By Job
	Partitionable Resources :    Usage  Request Allocated 
	   Cpus                 :     1.00        1         1 
	   Disk (KB)            :  2415        2500      7508 
	   Memory (MB)          :    10           1       128 
...
