000 (4998.000.000) 10/20 21:11:24 Job submitted from host: <172.31.60.18:9618?addrs=172.31.60.18-9618&noUDP&sock=868_f44b_4>
...
001 (4998.000.000) 10/20 21:12:40 Job executing on host: <172.31.20.29:9618?addrs=172.31.20.29-9618&noUDP&sock=828_8481_3>
...
006 (4998.000.000) 10/20 21:12:49 Image size of job updated: 12768
	13  -  MemoryUsage of job (MB)
	12768  -  ResidentSetSize of job (KB)
...
006 (4998.000.000) 10/20 21:13:04 Image size of job updated: 360880
	13  -  MemoryUsage of job (MB)
	12768  -  ResidentSetSize of job (KB)
...
005 (4998.000.000) 10/20 21:13:04 Job terminated.
	(1) Normal termination (return value 0)
		Usr 0 00:00:23, Sys 0 00:00:00  -  Run Remote Usage
		Usr 0 00:00:00, Sys 0 00:00:00  -  Run Local Usage
		Usr 0 00:00:23, Sys 0 00:00:00  -  Total Remote Usage
		Usr 0 00:00:00, Sys 0 00:00:00  -  Total Local Usage
	236  -  Run Bytes Sent By Job
	2455906  -  Run Bytes Received By Job
	236  -  Total Bytes Sent By Job
	2455906  -  Total Bytes Received By Job
	Partitionable Resources :    Usage  Request Allocated 
	   Cpus                 :     1.00        1         1 
	   Disk (KB)            :  2414        2500      7508 
	   Memory (MB)          :    13           1       128 
...
