000 (5006.000.000) 10/20 21:11:24 Job submitted from host: <172.31.60.18:9618?addrs=172.31.60.18-9618&noUDP&sock=868_f44b_4>
...
001 (5006.000.000) 10/20 21:13:04 Job executing on host: <172.31.20.29:9618?addrs=172.31.20.29-9618&noUDP&sock=828_8481_3>
...
006 (5006.000.000) 10/20 21:13:13 Image size of job updated: 10656
	11  -  MemoryUsage of job (MB)
	10656  -  ResidentSetSize of job (KB)
...
006 (5006.000.000) 10/20 21:13:49 Image size of job updated: 12820
	11  -  MemoryUsage of job (MB)
	10656  -  ResidentSetSize of job (KB)
...
005 (5006.000.000) 10/20 21:13:49 Job terminated.
	(1) Normal termination (return value 0)
		Usr 0 00:00:44, Sys 0 00:00:00  -  Run Remote Usage
		Usr 0 00:00:00, Sys 0 00:00:00  -  Run Local Usage
		Usr 0 00:00:44, Sys 0 00:00:00  -  Total Remote Usage
		Usr 0 00:00:00, Sys 0 00:00:00  -  Total Local Usage
	356  -  Run Bytes Sent By Job
	2456026  -  Run Bytes Received By Job
	356  -  Total Bytes Sent By Job
	2456026  -  Total Bytes Received By Job
	Partitionable Resources :    Usage  Request Allocated 
	   Cpus                 :     1.00        1         1 
	   Disk (KB)            :  2414        2500      7508 
	   Memory (MB)          :    11           1       128 
...
