000 (5090.000.000) 10/20 21:11:28 Job submitted from host: <172.31.60.18:9618?addrs=172.31.60.18-9618&noUDP&sock=868_f44b_4>
...
001 (5090.000.000) 10/20 21:21:53 Job executing on host: <172.31.20.29:9618?addrs=172.31.20.29-9618&noUDP&sock=828_8481_3>
...
006 (5090.000.000) 10/20 21:22:01 Image size of job updated: 9128
	9  -  MemoryUsage of job (MB)
	9128  -  ResidentSetSize of job (KB)
...
006 (5090.000.000) 10/20 21:22:45 Image size of job updated: 12828
	9  -  MemoryUsage of job (MB)
	9128  -  ResidentSetSize of job (KB)
...
005 (5090.000.000) 10/20 21:22:45 Job terminated.
	(1) Normal termination (return value 0)
		Usr 0 00:00:51, Sys 0 00:00:00  -  Run Remote Usage
		Usr 0 00:00:00, Sys 0 00:00:00  -  Run Local Usage
		Usr 0 00:00:51, Sys 0 00:00:00  -  Total Remote Usage
		Usr 0 00:00:00, Sys 0 00:00:00  -  Total Local Usage
	2903  -  Run Bytes Sent By Job
	2458546  -  Run Bytes Received By Job
	2903  -  Total Bytes Sent By Job
	2458546  -  Total Bytes Received By Job
	Partitionable Resources :    Usage  Request Allocated 
	   Cpus                 :     0.99        1         1 
	   Disk (KB)            :  2417        2500      7508 
	   Memory (MB)          :     9           1       128 
...
