000 (5053.000.000) 10/20 21:11:26 Job submitted from host: <172.31.60.18:9618?addrs=172.31.60.18-9618&noUDP&sock=868_f44b_4>
...
001 (5053.000.000) 10/20 21:17:45 Job executing on host: <172.31.20.29:9618?addrs=172.31.20.29-9618&noUDP&sock=828_8481_3>
...
006 (5053.000.000) 10/20 21:17:54 Image size of job updated: 10668
	11  -  MemoryUsage of job (MB)
	10668  -  ResidentSetSize of job (KB)
...
006 (5053.000.000) 10/20 21:18:33 Image size of job updated: 360876
	11  -  MemoryUsage of job (MB)
	10668  -  ResidentSetSize of job (KB)
...
005 (5053.000.000) 10/20 21:18:33 Job terminated.
	(1) Normal termination (return value 0)
		Usr 0 00:00:47, Sys 0 00:00:00  -  Run Remote Usage
		Usr 0 00:00:00, Sys 0 00:00:00  -  Run Local Usage
		Usr 0 00:00:47, Sys 0 00:00:00  -  Total Remote Usage
		Usr 0 00:00:00, Sys 0 00:00:00  -  Total Local Usage
	1783  -  Run Bytes Sent By Job
	2457436  -  Run Bytes Received By Job
	1783  -  Total Bytes Sent By Job
	2457436  -  Total Bytes Received By Job
	Partitionable Resources :    Usage  Request Allocated 
	   Cpus                 :     1.00        1         1 
	   Disk (KB)            :  2416        2500      7508 
	   Memory (MB)          :    11           1       128 
...
