000 (5007.000.000) 10/20 21:11:24 Job submitted from host: <172.31.60.18:9618?addrs=172.31.60.18-9618&noUDP&sock=868_f44b_4>
...
001 (5007.000.000) 10/20 21:13:07 Job executing on host: <172.31.20.29:9618?addrs=172.31.20.29-9618&noUDP&sock=828_8481_3>
...
006 (5007.000.000) 10/20 21:13:15 Image size of job updated: 9632
	10  -  MemoryUsage of job (MB)
	9632  -  ResidentSetSize of job (KB)
...
006 (5007.000.000) 10/20 21:13:52 Image size of job updated: 360880
	10  -  MemoryUsage of job (MB)
	9632  -  ResidentSetSize of job (KB)
...
005 (5007.000.000) 10/20 21:13:52 Job terminated.
	(1) Normal termination (return value 0)
		Usr 0 00:00:44, Sys 0 00:00:00  -  Run Remote Usage
		Usr 0 00:00:00, Sys 0 00:00:00  -  Run Local Usage
		Usr 0 00:00:44, Sys 0 00:00:00  -  Total Remote Usage
		Usr 0 00:00:00, Sys 0 00:00:00  -  Total Local Usage
	386  -  Run Bytes Sent By Job
	2456056  -  Run Bytes Received By Job
	386  -  Total Bytes Sent By Job
	2456056  -  Total Bytes Received By Job
	Partitionable Resources :    Usage  Request Allocated 
	   Cpus                 :     1.00        1         1 
	   Disk (KB)            :  2414        2500      7508 
	   Memory (MB)          :    10           1       128 
...
