000 (5111.000.000) 10/20 21:11:29 Job submitted from host: <172.31.60.18:9618?addrs=172.31.60.18-9618&noUDP&sock=868_f44b_4>
...
001 (5111.000.000) 10/20 21:23:47 Job executing on host: <172.31.20.29:9618?addrs=172.31.20.29-9618&noUDP&sock=828_8481_3>
...
006 (5111.000.000) 10/20 21:23:56 Image size of job updated: 9640
	10  -  MemoryUsage of job (MB)
	9640  -  ResidentSetSize of job (KB)
...
006 (5111.000.000) 10/20 21:24:40 Image size of job updated: 12828
	10  -  MemoryUsage of job (MB)
	9640  -  ResidentSetSize of job (KB)
...
005 (5111.000.000) 10/20 21:24:40 Job terminated.
	(1) Normal termination (return value 0)
		Usr 0 00:00:52, Sys 0 00:00:00  -  Run Remote Usage
		Usr 0 00:00:00, Sys 0 00:00:00  -  Run Local Usage
		Usr 0 00:00:52, Sys 0 00:00:00  -  Total Remote Usage
		Usr 0 00:00:00, Sys 0 00:00:00  -  Total Local Usage
	3533  -  Run Bytes Sent By Job
	2459176  -  Run Bytes Received By Job
	3533  -  Total Bytes Sent By Job
	2459176  -  Total Bytes Received By Job
	Partitionable Resources :    Usage  Request Allocated 
	   Cpus                 :     1.00        1         1 
	   Disk (KB)            :  2417        2500      7508 
	   Memory (MB)          :    10           1       128 
...
