000 (5016.000.000) 10/20 21:11:25 Job submitted from host: <172.31.60.18:9618?addrs=172.31.60.18-9618&noUDP&sock=868_f44b_4>
...
001 (5016.000.000) 10/20 21:13:55 Job executing on host: <172.31.20.29:9618?addrs=172.31.20.29-9618&noUDP&sock=828_8481_3>
...
006 (5016.000.000) 10/20 21:14:04 Image size of job updated: 9636
	10  -  MemoryUsage of job (MB)
	9636  -  ResidentSetSize of job (KB)
...
006 (5016.000.000) 10/20 21:14:43 Image size of job updated: 360880
	10  -  MemoryUsage of job (MB)
	9636  -  ResidentSetSize of job (KB)
...
005 (5016.000.000) 10/20 21:14:43 Job terminated.
	(1) Normal termination (return value 0)
		Usr 0 00:00:47, Sys 0 00:00:00  -  Run Remote Usage
		Usr 0 00:00:00, Sys 0 00:00:00  -  Run Local Usage
		Usr 0 00:00:47, Sys 0 00:00:00  -  Total Remote Usage
		Usr 0 00:00:00, Sys 0 00:00:00  -  Total Local Usage
	656  -  Run Bytes Sent By Job
	2456326  -  Run Bytes Received By Job
	656  -  Total Bytes Sent By Job
	2456326  -  Total Bytes Received By Job
	Partitionable Resources :    Usage  Request Allocated 
	   Cpus                 :     1.00        1         1 
	   Disk (KB)            :  2415        2500      7508 
	   Memory (MB)          :    10           1       128 
...
