000 (5048.000.000) 10/20 21:11:26 Job submitted from host: <172.31.60.18:9618?addrs=172.31.60.18-9618&noUDP&sock=868_f44b_4>
...
001 (5048.000.000) 10/20 21:17:05 Job executing on host: <172.31.20.29:9618?addrs=172.31.20.29-9618&noUDP&sock=828_8481_3>
...
006 (5048.000.000) 10/20 21:17:13 Image size of job updated: 9312
	10  -  MemoryUsage of job (MB)
	9312  -  ResidentSetSize of job (KB)
...
006 (5048.000.000) 10/20 21:17:53 Image size of job updated: 360876
	10  -  MemoryUsage of job (MB)
	9376  -  ResidentSetSize of job (KB)
...
005 (5048.000.000) 10/20 21:17:53 Job terminated.
	(1) Normal termination (return value 0)
		Usr 0 00:00:47, Sys 0 00:00:00  -  Run Remote Usage
		Usr 0 00:00:00, Sys 0 00:00:00  -  Run Local Usage
		Usr 0 00:00:47, Sys 0 00:00:00  -  Total Remote Usage
		Usr 0 00:00:00, Sys 0 00:00:00  -  Total Local Usage
	1633  -  Run Bytes Sent By Job
	2457286  -  Run Bytes Received By Job
	1633  -  Total Bytes Sent By Job
	2457286  -  Total Bytes Received By Job
	Partitionable Resources :    Usage  Request Allocated 
	   Cpus                 :     0.99        1         1 
	   Disk (KB)            :  2416        2500      7508 
	   Memory (MB)          :    10           1       128 
...
