000 (4997.000.000) 10/20 21:11:24 Job submitted from host: <172.31.60.18:9618?addrs=172.31.60.18-9618&noUDP&sock=868_f44b_4>
...
001 (4997.000.000) 10/20 21:12:03 Job executing on host: <172.31.20.29:9618?addrs=172.31.20.29-9618&noUDP&sock=828_8481_3>
...
006 (4997.000.000) 10/20 21:12:12 Image size of job updated: 10660
	11  -  MemoryUsage of job (MB)
	10660  -  ResidentSetSize of job (KB)
...
006 (4997.000.000) 10/20 21:12:44 Image size of job updated: 360880
	11  -  MemoryUsage of job (MB)
	10660  -  ResidentSetSize of job (KB)
...
005 (4997.000.000) 10/20 21:12:44 Job terminated.
	(1) Normal termination (return value 0)
		Usr 0 00:00:40, Sys 0 00:00:00  -  Run Remote Usage
		Usr 0 00:00:00, Sys 0 00:00:00  -  Run Local Usage
		Usr 0 00:00:40, Sys 0 00:00:00  -  Total Remote Usage
		Usr 0 00:00:00, Sys 0 00:00:00  -  Total Local Usage
	206  -  Run Bytes Sent By Job
	2455876  -  Run Bytes Received By Job
	206  -  Total Bytes Sent By Job
	2455876  -  Total Bytes Received By Job
	Partitionable Resources :    Usage  Request Allocated 
	   Cpus                 :     1.00        1         1 
	   Disk (KB)            :  2414        2500      7508 
	   Memory (MB)          :    11           1       128 
...
