000 (5001.000.000) 10/20 21:11:24 Job submitted from host: <172.31.60.18:9618?addrs=172.31.60.18-9618&noUDP&sock=868_f44b_4>
...
001 (5001.000.000) 10/20 21:12:44 Job executing on host: <172.31.20.29:9618?addrs=172.31.20.29-9618&noUDP&sock=828_8481_3>
...
006 (5001.000.000) 10/20 21:12:52 Image size of job updated: 12764
	13  -  MemoryUsage of job (MB)
	12764  -  ResidentSetSize of job (KB)
...
006 (5001.000.000) 10/20 21:13:10 Image size of job updated: 360880
	13  -  MemoryUsage of job (MB)
	12764  -  ResidentSetSize of job (KB)
...
005 (5001.000.000) 10/20 21:13:10 Job terminated.
	(1) Normal termination (return value 0)
		Usr 0 00:00:26, Sys 0 00:00:00  -  Run Remote Usage
		Usr 0 00:00:00, Sys 0 00:00:00  -  Run Local Usage
		Usr 0 00:00:26, Sys 0 00:00:00  -  Total Remote Usage
		Usr 0 00:00:00, Sys 0 00:00:00  -  Total Local Usage
	326  -  Run Bytes Sent By Job
	2455996  -  Run Bytes Received By Job
	326  -  Total Bytes Sent By Job
	2455996  -  Total Bytes Received By Job
	Partitionable Resources :    Usage  Request Allocated 
	   Cpus                 :     1.00        1         1 
	   Disk (KB)            :  2414        2500      7508 
	   Memory (MB)          :    13           1       128 
...
